{"timestamp":"2026-03-14T22:00:03.254105Z","level":"info","event":"DAG bundles loaded: dags-folder, example_dags","logger":"airflow.dag_processing.bundles.manager.DagBundlesManager","filename":"manager.py","lineno":179}
{"timestamp":"2026-03-14T22:00:03.255882Z","level":"info","event":"Filling up the DagBag from /opt/airflow/dags/weather_dag.py","logger":"airflow.models.dagbag.BundleDagBag","filename":"dagbag.py","lineno":593}
{"timestamp":"2026-03-14T22:00:03.297059Z","level":"info","event":"USER: hornet","logger":"task.stdout"}
{"timestamp":"2026-03-14T22:00:03.297589Z","level":"info","event":"PASSWORD: akali","logger":"task.stdout"}
{"timestamp":"2026-03-14T22:00:03.297885Z","level":"info","event":"DATABASE: weather_pipeline_ml","logger":"task.stdout"}
{"timestamp":"2026-03-14T22:00:03.298137Z","level":"info","event":"HOST: host.docker.internal","logger":"task.stdout"}
{"timestamp":"2026-03-14T22:00:03.297137Z","level":"info","event":"Conectando em host.docker.internal:5432/weather_pipeline_ml","logger":"root","filename":"load_data.py","lineno":25}
{"timestamp":"2026-03-14T22:00:03.314828Z","level":"warning","event":"The `airflow.decorators.dag` attribute is deprecated. Please use `'airflow.sdk.dag'`.","category":"DeprecatedImportWarning","filename":"/opt/airflow/dags/weather_dag.py","lineno":2,"logger":"py.warnings"}
{"timestamp":"2026-03-14T22:00:03.314997Z","level":"warning","event":"The `airflow.decorators.task` attribute is deprecated. Please use `'airflow.sdk.task'`.","category":"DeprecatedImportWarning","filename":"/opt/airflow/dags/weather_dag.py","lineno":2,"logger":"py.warnings"}
{"timestamp":"2026-03-14T22:00:03.337410Z","level":"info","event":"Task instance is in running state","logger":"task.stdout"}
{"timestamp":"2026-03-14T22:00:03.339339Z","level":"info","event":" Previous state of the Task instance: TaskInstanceState.QUEUED","logger":"task.stdout"}
{"timestamp":"2026-03-14T22:00:03.339710Z","level":"info","event":"Current task name:transform","logger":"task.stdout"}
{"timestamp":"2026-03-14T22:00:03.341397Z","level":"info","event":"Dag name:pipeline_weather_ml","logger":"task.stdout"}
{"timestamp":"2026-03-14T22:00:03.339214Z","level":"info","event":"Iniciando transformações... ","logger":"root","filename":"transform_data.py","lineno":94}
{"timestamp":"2026-03-14T22:00:03.339338Z","level":"info","event":"Criando DF do arquivo JSON...","logger":"root","filename":"transform_data.py","lineno":43}
{"timestamp":"2026-03-14T22:00:03.345982Z","level":"info","event":"Dataframe criado com 1 linha(s)","logger":"root","filename":"transform_data.py","lineno":53}
{"timestamp":"2026-03-14T22:00:03.348247Z","level":"info","event":"Coluna 'weather' normalizada com 30 colunas","logger":"root","filename":"transform_data.py","lineno":68}
{"timestamp":"2026-03-14T22:00:03.348403Z","level":"info","event":"Removendo colunas: ['weather', 'weather_icon', 'sys.type']","logger":"root","filename":"transform_data.py","lineno":73}
{"timestamp":"2026-03-14T22:00:03.349263Z","level":"info","event":"Colunas removidas - 27 colunas restantes","logger":"root","filename":"transform_data.py","lineno":75}
{"timestamp":"2026-03-14T22:00:03.349433Z","level":"info","event":"Renomeando colunas...","logger":"root","filename":"transform_data.py","lineno":80}
{"timestamp":"2026-03-14T22:00:03.349857Z","level":"info","event":"Colunas renomeadas!","logger":"root","filename":"transform_data.py","lineno":82}
{"timestamp":"2026-03-14T22:00:03.349944Z","level":"info","event":"Convertendo colunas para datetime...","logger":"root","filename":"transform_data.py","lineno":86}
{"timestamp":"2026-03-14T22:00:03.353187Z","level":"info","event":"Colunas convertidas para datetime","logger":"root","filename":"transform_data.py","lineno":90}
{"timestamp":"2026-03-14T22:00:03.353342Z","level":"info","event":"Transformações concluídas! ","logger":"root","filename":"transform_data.py","lineno":101}
{"timestamp":"2026-03-14T22:00:03.400337Z","level":"info","event":"Done. Returned value was: None","logger":"airflow.task.operators.airflow.providers.standard.decorators.python._PythonDecoratedOperator","filename":"python.py","lineno":230}
{"timestamp":"2026-03-14T22:00:03.420060Z","level":"info","event":"Task instance in success state","logger":"task.stdout"}
{"timestamp":"2026-03-14T22:00:03.420478Z","level":"info","event":" Previous state of the Task instance: TaskInstanceState.RUNNING","logger":"task.stdout"}
{"timestamp":"2026-03-14T22:00:03.420821Z","level":"info","event":"Task operator:<Task(_PythonDecoratedOperator): transform>","logger":"task.stdout"}
