{"timestamp":"2026-03-16T00:09:09.593470Z","level":"info","event":"DAG bundles loaded: dags-folder, example_dags","logger":"airflow.dag_processing.bundles.manager.DagBundlesManager","filename":"manager.py","lineno":179}
{"timestamp":"2026-03-16T00:09:09.595350Z","level":"info","event":"Filling up the DagBag from /opt/airflow/dags/weather_dag.py","logger":"airflow.models.dagbag.BundleDagBag","filename":"dagbag.py","lineno":593}
{"timestamp":"2026-03-16T00:09:09.632862Z","level":"info","event":"Conectando em host.docker.internal:5432/weather_pipeline_ml","logger":"root","filename":"load_data.py","lineno":25}
{"timestamp":"2026-03-16T00:09:09.648316Z","level":"warning","event":"The `airflow.decorators.dag` attribute is deprecated. Please use `'airflow.sdk.dag'`.","category":"DeprecatedImportWarning","filename":"/opt/airflow/dags/weather_dag.py","lineno":2,"logger":"py.warnings"}
{"timestamp":"2026-03-16T00:09:09.648427Z","level":"warning","event":"The `airflow.decorators.task` attribute is deprecated. Please use `'airflow.sdk.task'`.","category":"DeprecatedImportWarning","filename":"/opt/airflow/dags/weather_dag.py","lineno":2,"logger":"py.warnings"}
{"timestamp":"2026-03-16T00:09:09.716619Z","level":"info","event":"USER: hornet","logger":"task.stdout"}
{"timestamp":"2026-03-16T00:09:09.716878Z","level":"info","event":"PASSWORD: akali","logger":"task.stdout"}
{"timestamp":"2026-03-16T00:09:09.717151Z","level":"info","event":"DATABASE: weather_pipeline_ml","logger":"task.stdout"}
{"timestamp":"2026-03-16T00:09:09.717359Z","level":"info","event":"HOST: host.docker.internal","logger":"task.stdout"}
{"timestamp":"2026-03-16T00:09:09.740944Z","level":"info","event":"Task instance is in running state","logger":"task.stdout"}
{"timestamp":"2026-03-16T00:09:09.741248Z","level":"info","event":" Previous state of the Task instance: TaskInstanceState.QUEUED","logger":"task.stdout"}
{"timestamp":"2026-03-16T00:09:09.741547Z","level":"info","event":"Current task name:transform","logger":"task.stdout"}
{"timestamp":"2026-03-16T00:09:09.741795Z","level":"info","event":"Dag name:pipeline_weather_ml","logger":"task.stdout"}
{"timestamp":"2026-03-16T00:09:09.742527Z","level":"info","event":"Iniciando transformações... ","logger":"root","filename":"transform_data.py","lineno":94}
{"timestamp":"2026-03-16T00:09:09.742669Z","level":"info","event":"Criando DF do arquivo JSON...","logger":"root","filename":"transform_data.py","lineno":43}
{"timestamp":"2026-03-16T00:09:09.770837Z","level":"info","event":"Dataframe criado com 1 linha(s)","logger":"root","filename":"transform_data.py","lineno":53}
{"timestamp":"2026-03-16T00:09:09.778791Z","level":"info","event":"Coluna 'weather' normalizada com 30 colunas","logger":"root","filename":"transform_data.py","lineno":68}
{"timestamp":"2026-03-16T00:09:09.778954Z","level":"info","event":"Removendo colunas: ['weather', 'weather_icon', 'sys.type']","logger":"root","filename":"transform_data.py","lineno":73}
{"timestamp":"2026-03-16T00:09:09.783708Z","level":"info","event":"Colunas removidas - 27 colunas restantes","logger":"root","filename":"transform_data.py","lineno":75}
{"timestamp":"2026-03-16T00:09:09.783834Z","level":"info","event":"Renomeando colunas...","logger":"root","filename":"transform_data.py","lineno":80}
{"timestamp":"2026-03-16T00:09:09.784287Z","level":"info","event":"Colunas renomeadas!","logger":"root","filename":"transform_data.py","lineno":82}
{"timestamp":"2026-03-16T00:09:09.784365Z","level":"info","event":"Convertendo colunas para datetime...","logger":"root","filename":"transform_data.py","lineno":86}
{"timestamp":"2026-03-16T00:09:09.788227Z","level":"info","event":"Colunas convertidas para datetime","logger":"root","filename":"transform_data.py","lineno":90}
{"timestamp":"2026-03-16T00:09:09.788360Z","level":"info","event":"Transformações concluídas! ","logger":"root","filename":"transform_data.py","lineno":101}
{"timestamp":"2026-03-16T00:09:09.936032Z","level":"info","event":"Done. Returned value was: None","logger":"airflow.task.operators.airflow.providers.standard.decorators.python._PythonDecoratedOperator","filename":"python.py","lineno":230}
{"timestamp":"2026-03-16T00:09:09.957124Z","level":"info","event":"Task instance in success state","logger":"task.stdout"}
{"timestamp":"2026-03-16T00:09:09.957487Z","level":"info","event":" Previous state of the Task instance: TaskInstanceState.RUNNING","logger":"task.stdout"}
{"timestamp":"2026-03-16T00:09:09.957793Z","level":"info","event":"Task operator:<Task(_PythonDecoratedOperator): transform>","logger":"task.stdout"}
