{"timestamp":"2026-03-14T21:38:47.111060Z","level":"info","event":"DAG bundles loaded: dags-folder, example_dags","logger":"airflow.dag_processing.bundles.manager.DagBundlesManager","filename":"manager.py","lineno":179}
{"timestamp":"2026-03-14T21:38:47.113423Z","level":"info","event":"Filling up the DagBag from /opt/airflow/dags/weather_dag.py","logger":"airflow.models.dagbag.BundleDagBag","filename":"dagbag.py","lineno":593}
{"timestamp":"2026-03-14T21:38:47.167509Z","level":"info","event":"USER: hornet","logger":"task.stdout"}
{"timestamp":"2026-03-14T21:38:47.168246Z","level":"info","event":"PASSWORD: akali","logger":"task.stdout"}
{"timestamp":"2026-03-14T21:38:47.168560Z","level":"info","event":"DATABASE: weather_pipeline_ml","logger":"task.stdout"}
{"timestamp":"2026-03-14T21:38:47.168844Z","level":"info","event":"HOST: localhost","logger":"task.stdout"}
{"timestamp":"2026-03-14T21:38:47.167699Z","level":"info","event":"Conectando em localhost:5432/weather_pipeline_ml","logger":"root","filename":"load_data.py","lineno":25}
{"timestamp":"2026-03-14T21:38:47.190107Z","level":"warning","event":"The `airflow.decorators.dag` attribute is deprecated. Please use `'airflow.sdk.dag'`.","category":"DeprecatedImportWarning","filename":"/opt/airflow/dags/weather_dag.py","lineno":2,"logger":"py.warnings"}
{"timestamp":"2026-03-14T21:38:47.190332Z","level":"warning","event":"The `airflow.decorators.task` attribute is deprecated. Please use `'airflow.sdk.task'`.","category":"DeprecatedImportWarning","filename":"/opt/airflow/dags/weather_dag.py","lineno":2,"logger":"py.warnings"}
{"timestamp":"2026-03-14T21:38:47.277380Z","level":"info","event":"Task instance is in running state","logger":"task.stdout"}
{"timestamp":"2026-03-14T21:38:47.277840Z","level":"info","event":" Previous state of the Task instance: TaskInstanceState.QUEUED","logger":"task.stdout"}
{"timestamp":"2026-03-14T21:38:47.278502Z","level":"info","event":"Current task name:transform","logger":"task.stdout"}
{"timestamp":"2026-03-14T21:38:47.278851Z","level":"info","event":"Dag name:pipeline_weather_ml","logger":"task.stdout"}
{"timestamp":"2026-03-14T21:38:47.328394Z","level":"info","event":"Iniciando transformações... ","logger":"root","filename":"transform_data.py","lineno":94}
{"timestamp":"2026-03-14T21:38:47.328612Z","level":"info","event":"Criando DF do arquivo JSON...","logger":"root","filename":"transform_data.py","lineno":43}
{"timestamp":"2026-03-14T21:38:47.364463Z","level":"info","event":"Dataframe criado com 1 linha(s)","logger":"root","filename":"transform_data.py","lineno":53}
{"timestamp":"2026-03-14T21:38:47.376044Z","level":"info","event":"Coluna 'weather' normalizada com 30 colunas","logger":"root","filename":"transform_data.py","lineno":68}
{"timestamp":"2026-03-14T21:38:47.376299Z","level":"info","event":"Removendo colunas: ['weather', 'weather_icon', 'sys.type']","logger":"root","filename":"transform_data.py","lineno":73}
{"timestamp":"2026-03-14T21:38:47.428169Z","level":"info","event":"Colunas removidas - 27 colunas restantes","logger":"root","filename":"transform_data.py","lineno":75}
{"timestamp":"2026-03-14T21:38:47.428441Z","level":"info","event":"Renomeando colunas...","logger":"root","filename":"transform_data.py","lineno":80}
{"timestamp":"2026-03-14T21:38:47.429389Z","level":"info","event":"Colunas renomeadas!","logger":"root","filename":"transform_data.py","lineno":82}
{"timestamp":"2026-03-14T21:38:47.429582Z","level":"info","event":"Convertendo colunas para datetime...","logger":"root","filename":"transform_data.py","lineno":86}
{"timestamp":"2026-03-14T21:38:47.437920Z","level":"info","event":"Colunas convertidas para datetime","logger":"root","filename":"transform_data.py","lineno":90}
{"timestamp":"2026-03-14T21:38:47.438153Z","level":"info","event":"Transformações concluídas! ","logger":"root","filename":"transform_data.py","lineno":101}
{"timestamp":"2026-03-14T21:38:48.077513Z","level":"info","event":"Done. Returned value was: None","logger":"airflow.task.operators.airflow.providers.standard.decorators.python._PythonDecoratedOperator","filename":"python.py","lineno":230}
{"timestamp":"2026-03-14T21:38:48.113482Z","level":"info","event":"Task instance in success state","logger":"task.stdout"}
{"timestamp":"2026-03-14T21:38:48.113916Z","level":"info","event":" Previous state of the Task instance: TaskInstanceState.RUNNING","logger":"task.stdout"}
{"timestamp":"2026-03-14T21:38:48.114339Z","level":"info","event":"Task operator:<Task(_PythonDecoratedOperator): transform>","logger":"task.stdout"}
