{"timestamp":"2026-03-15T02:00:05.833800Z","level":"info","event":"DAG bundles loaded: dags-folder, example_dags","logger":"airflow.dag_processing.bundles.manager.DagBundlesManager","filename":"manager.py","lineno":179}
{"timestamp":"2026-03-15T02:00:05.839604Z","level":"info","event":"Filling up the DagBag from /opt/airflow/dags/weather_dag.py","logger":"airflow.models.dagbag.BundleDagBag","filename":"dagbag.py","lineno":593}
{"timestamp":"2026-03-15T02:00:05.918004Z","level":"info","event":"USER: hornet","logger":"task.stdout"}
{"timestamp":"2026-03-15T02:00:05.918768Z","level":"info","event":"PASSWORD: akali","logger":"task.stdout"}
{"timestamp":"2026-03-15T02:00:05.919242Z","level":"info","event":"DATABASE: weather_pipeline_ml","logger":"task.stdout"}
{"timestamp":"2026-03-15T02:00:05.919610Z","level":"info","event":"HOST: host.docker.internal","logger":"task.stdout"}
{"timestamp":"2026-03-15T02:00:05.918424Z","level":"info","event":"Conectando em host.docker.internal:5432/weather_pipeline_ml","logger":"root","filename":"load_data.py","lineno":25}
{"timestamp":"2026-03-15T02:00:05.953994Z","level":"warning","event":"The `airflow.decorators.dag` attribute is deprecated. Please use `'airflow.sdk.dag'`.","category":"DeprecatedImportWarning","filename":"/opt/airflow/dags/weather_dag.py","lineno":2,"logger":"py.warnings"}
{"timestamp":"2026-03-15T02:00:05.954234Z","level":"warning","event":"The `airflow.decorators.task` attribute is deprecated. Please use `'airflow.sdk.task'`.","category":"DeprecatedImportWarning","filename":"/opt/airflow/dags/weather_dag.py","lineno":2,"logger":"py.warnings"}
{"timestamp":"2026-03-15T02:00:05.994862Z","level":"info","event":"Task instance is in running state","logger":"task.stdout"}
{"timestamp":"2026-03-15T02:00:05.995953Z","level":"info","event":" Previous state of the Task instance: TaskInstanceState.QUEUED","logger":"task.stdout"}
{"timestamp":"2026-03-15T02:00:05.996308Z","level":"info","event":"Current task name:transform","logger":"task.stdout"}
{"timestamp":"2026-03-15T02:00:05.996760Z","level":"info","event":"Dag name:pipeline_weather_ml","logger":"task.stdout"}
{"timestamp":"2026-03-15T02:00:05.998007Z","level":"info","event":"Iniciando transformações... ","logger":"root","filename":"transform_data.py","lineno":94}
{"timestamp":"2026-03-15T02:00:05.998343Z","level":"info","event":"Criando DF do arquivo JSON...","logger":"root","filename":"transform_data.py","lineno":43}
{"timestamp":"2026-03-15T02:00:06.016896Z","level":"info","event":"Dataframe criado com 1 linha(s)","logger":"root","filename":"transform_data.py","lineno":53}
{"timestamp":"2026-03-15T02:00:06.024856Z","level":"info","event":"Coluna 'weather' normalizada com 30 colunas","logger":"root","filename":"transform_data.py","lineno":68}
{"timestamp":"2026-03-15T02:00:06.025131Z","level":"info","event":"Removendo colunas: ['weather', 'weather_icon', 'sys.type']","logger":"root","filename":"transform_data.py","lineno":73}
{"timestamp":"2026-03-15T02:00:06.029241Z","level":"info","event":"Colunas removidas - 27 colunas restantes","logger":"root","filename":"transform_data.py","lineno":75}
{"timestamp":"2026-03-15T02:00:06.029486Z","level":"info","event":"Renomeando colunas...","logger":"root","filename":"transform_data.py","lineno":80}
{"timestamp":"2026-03-15T02:00:06.031458Z","level":"info","event":"Colunas renomeadas!","logger":"root","filename":"transform_data.py","lineno":82}
{"timestamp":"2026-03-15T02:00:06.031883Z","level":"info","event":"Convertendo colunas para datetime...","logger":"root","filename":"transform_data.py","lineno":86}
{"timestamp":"2026-03-15T02:00:06.046004Z","level":"info","event":"Colunas convertidas para datetime","logger":"root","filename":"transform_data.py","lineno":90}
{"timestamp":"2026-03-15T02:00:06.046267Z","level":"info","event":"Transformações concluídas! ","logger":"root","filename":"transform_data.py","lineno":101}
{"timestamp":"2026-03-15T02:00:06.188779Z","level":"info","event":"Done. Returned value was: None","logger":"airflow.task.operators.airflow.providers.standard.decorators.python._PythonDecoratedOperator","filename":"python.py","lineno":230}
{"timestamp":"2026-03-15T02:00:06.228294Z","level":"info","event":"Task instance in success state","logger":"task.stdout"}
{"timestamp":"2026-03-15T02:00:06.228801Z","level":"info","event":" Previous state of the Task instance: TaskInstanceState.RUNNING","logger":"task.stdout"}
{"timestamp":"2026-03-15T02:00:06.229202Z","level":"info","event":"Task operator:<Task(_PythonDecoratedOperator): transform>","logger":"task.stdout"}
